<?xml version="1.0" encoding="UTF-8"?>
<!-- Generated by org.testng.reporters.JUnitReportReporter -->
<testsuite hostname="LAPTOP-997KRO8F" failures="0" tests="1" name="GenericFunctions.InvokeBrowser" time="10.651" errors="0" timestamp="2022-04-03T14:02:29 IST" skipped="0">
  <testcase classname="GenericFunctions.InvokeBrowser" name="launch" time="10.651"/>
  <system-out/>
</testsuite> <!-- GenericFunctions.InvokeBrowser -->
